<?xml version="1.0" encoding="UTF-8"?>
<testng-results ignored="0" total="3" passed="3" failed="0" skipped="0">
  <reporter-output>
  </reporter-output>
  <suite started-at="2025-01-23T14:03:29 IST" name="Default suite" finished-at="2025-01-23T14:03:40 IST" duration-ms="11531">
    <groups>
      <group name="cucumber">
        <method signature="AbstractTestNGCucumberTests.runScenario(io.cucumber.testng.PickleWrapper,io.cucumber.testng.FeatureWrapper)[pri:0, instance:TestRunner.Runner@3eb738bb]" name="runScenario" class="io.cucumber.testng.AbstractTestNGCucumberTests"/>
      </group> <!-- cucumber -->
    </groups>
    <test started-at="2025-01-23T14:03:29 IST" name="Default test" finished-at="2025-01-23T14:03:40 IST" duration-ms="11531">
      <class name="TestRunner.Runner">
        <test-method is-config="true" signature="setUpClass(org.testng.ITestContext)[pri:0, instance:TestRunner.Runner@3eb738bb]" started-at="2025-01-23T14:03:29 IST" name="setUpClass" finished-at="2025-01-23T14:03:29 IST" duration-ms="409" status="PASS">
          <params>
            <param index="0">
              <value>
                <![CDATA[org.testng.TestRunner@58e92c23]]>
              </value>
            </param>
          </params>
          <reporter-output>
          </reporter-output>
        </test-method> <!-- setUpClass -->
        <test-method signature="runScenario(io.cucumber.testng.PickleWrapper,io.cucumber.testng.FeatureWrapper)[pri:0, instance:TestRunner.Runner@3eb738bb]" started-at="2025-01-23T14:03:29 IST" name="runScenario" description="Runs Cucumber Scenarios" data-provider="scenarios" finished-at="2025-01-23T14:03:38 IST" duration-ms="9106" status="PASS">
          <params>
            <param index="0">
              <value>
                <![CDATA["LoginFunctionality"]]>
              </value>
            </param>
            <param index="1">
              <value>
                <![CDATA["SauseDemo Application"]]>
              </value>
            </param>
          </params>
          <reporter-output>
          </reporter-output>
        </test-method> <!-- runScenario -->
        <test-method signature="runScenario(io.cucumber.testng.PickleWrapper,io.cucumber.testng.FeatureWrapper)[pri:0, instance:TestRunner.Runner@3eb738bb]" started-at="2025-01-23T14:03:38 IST" name="runScenario" description="Runs Cucumber Scenarios" data-provider="scenarios" finished-at="2025-01-23T14:03:40 IST" duration-ms="1201" status="PASS">
          <params>
            <param index="0">
              <value>
                <![CDATA["Product Page Functionality"]]>
              </value>
            </param>
            <param index="1">
              <value>
                <![CDATA["SauseDemo Application"]]>
              </value>
            </param>
          </params>
          <reporter-output>
          </reporter-output>
        </test-method> <!-- runScenario -->
        <test-method signature="runScenario(io.cucumber.testng.PickleWrapper,io.cucumber.testng.FeatureWrapper)[pri:0, instance:TestRunner.Runner@3eb738bb]" started-at="2025-01-23T14:03:40 IST" name="runScenario" description="Runs Cucumber Scenarios" data-provider="scenarios" finished-at="2025-01-23T14:03:40 IST" duration-ms="294" status="PASS">
          <params>
            <param index="0">
              <value>
                <![CDATA["checkout button functionality"]]>
              </value>
            </param>
            <param index="1">
              <value>
                <![CDATA["SauseDemo Application"]]>
              </value>
            </param>
          </params>
          <reporter-output>
          </reporter-output>
        </test-method> <!-- runScenario -->
        <test-method is-config="true" signature="tearDownClass()[pri:0, instance:TestRunner.Runner@3eb738bb]" started-at="2025-01-23T14:03:40 IST" name="tearDownClass" finished-at="2025-01-23T14:03:40 IST" duration-ms="439" status="PASS">
          <reporter-output>
          </reporter-output>
        </test-method> <!-- tearDownClass -->
      </class> <!-- TestRunner.Runner -->
    </test> <!-- Default test -->
  </suite> <!-- Default suite -->
</testng-results>
