<?xml version="1.0" encoding="UTF-8"?>
<testng-results ignored="0" total="2" passed="2" failed="0" skipped="0">
  <reporter-output>
  </reporter-output>
  <suite started-at="2025-01-23T12:49:30 IST" name="Default suite" finished-at="2025-01-23T12:49:40 IST" duration-ms="9920">
    <groups>
      <group name="cucumber">
        <method signature="AbstractTestNGCucumberTests.runScenario(io.cucumber.testng.PickleWrapper,io.cucumber.testng.FeatureWrapper)[pri:0, instance:TestRunner.Runner@3eb738bb]" name="runScenario" class="io.cucumber.testng.AbstractTestNGCucumberTests"/>
      </group> <!-- cucumber -->
    </groups>
    <test started-at="2025-01-23T12:49:30 IST" name="Default test" finished-at="2025-01-23T12:49:40 IST" duration-ms="9920">
      <class name="TestRunner.Runner">
        <test-method is-config="true" signature="setUpClass(org.testng.ITestContext)[pri:0, instance:TestRunner.Runner@3eb738bb]" started-at="2025-01-23T12:49:30 IST" name="setUpClass" finished-at="2025-01-23T12:49:31 IST" duration-ms="488" status="PASS">
          <params>
            <param index="0">
              <value>
                <![CDATA[org.testng.TestRunner@1ab6718]]>
              </value>
            </param>
          </params>
          <reporter-output>
          </reporter-output>
        </test-method> <!-- setUpClass -->
        <test-method signature="runScenario(io.cucumber.testng.PickleWrapper,io.cucumber.testng.FeatureWrapper)[pri:0, instance:TestRunner.Runner@3eb738bb]" started-at="2025-01-23T12:49:31 IST" name="runScenario" description="Runs Cucumber Scenarios" data-provider="scenarios" finished-at="2025-01-23T12:49:39 IST" duration-ms="7761" status="PASS">
          <params>
            <param index="0">
              <value>
                <![CDATA["LoginFunctionality"]]>
              </value>
            </param>
            <param index="1">
              <value>
                <![CDATA["SauseDemo Application"]]>
              </value>
            </param>
          </params>
          <reporter-output>
          </reporter-output>
        </test-method> <!-- runScenario -->
        <test-method signature="runScenario(io.cucumber.testng.PickleWrapper,io.cucumber.testng.FeatureWrapper)[pri:0, instance:TestRunner.Runner@3eb738bb]" started-at="2025-01-23T12:49:39 IST" name="runScenario" description="Runs Cucumber Scenarios" data-provider="scenarios" finished-at="2025-01-23T12:49:40 IST" duration-ms="1077" status="PASS">
          <params>
            <param index="0">
              <value>
                <![CDATA["Product Page Functionality"]]>
              </value>
            </param>
            <param index="1">
              <value>
                <![CDATA["SauseDemo Application"]]>
              </value>
            </param>
          </params>
          <reporter-output>
          </reporter-output>
        </test-method> <!-- runScenario -->
        <test-method is-config="true" signature="tearDownClass()[pri:0, instance:TestRunner.Runner@3eb738bb]" started-at="2025-01-23T12:49:40 IST" name="tearDownClass" finished-at="2025-01-23T12:49:40 IST" duration-ms="494" status="PASS">
          <reporter-output>
          </reporter-output>
        </test-method> <!-- tearDownClass -->
      </class> <!-- TestRunner.Runner -->
    </test> <!-- Default test -->
  </suite> <!-- Default suite -->
</testng-results>
